@!@!@STARTMSG 2262:0 @!@!@
TLC2 Version 2.16 of 31 December 2020 (rev: cdddf55)
@!@!@ENDMSG 2262 @!@!@
@!@!@STARTMSG 2187:0 @!@!@
Running breadth-first search Model-Checking with fp 36 and seed -668382478386197097 with 6 workers on 12 cores with 603MB heap and 1354MB offheap memory [pid: 7844] (Windows 10 10.0 amd64, AdoptOpenJDK 14.0.1 x86_64, OffHeapDiskFPSet, DiskStateQueue).
@!@!@ENDMSG 2187 @!@!@
@!@!@STARTMSG 2220:0 @!@!@
Starting SANY...
@!@!@ENDMSG 2220 @!@!@
Parsing file E:\RICCI\project1\TLA\PcdTla.toolbox\Model_1_SnapShot_1617733634802\MC.tla
Parsing file E:\RICCI\project1\TLA\PcdTla.toolbox\Model_1_SnapShot_1617733634802\PcdTla.tla
Parsing file C:\Users\hamad\Downloads\TLAToolbox-1.7.1-win32.win32.x86_64\toolbox\plugins\org.lamport.tlatools_1.0.0.202012311918\tla2sany\StandardModules\TLC.tla
Parsing file C:\Users\hamad\Downloads\TLAToolbox-1.7.1-win32.win32.x86_64\toolbox\plugins\org.lamport.tlatools_1.0.0.202012311918\tla2sany\StandardModules\Integers.tla
Parsing file C:\Users\hamad\Downloads\TLAToolbox-1.7.1-win32.win32.x86_64\toolbox\plugins\org.lamport.tlatools_1.0.0.202012311918\tla2sany\StandardModules\Sequences.tla
Parsing file C:\Users\hamad\Downloads\TLAToolbox-1.7.1-win32.win32.x86_64\toolbox\plugins\org.lamport.tlatools_1.0.0.202012311918\tla2sany\StandardModules\Naturals.tla
Parsing file C:\Users\hamad\Downloads\TLAToolbox-1.7.1-win32.win32.x86_64\toolbox\plugins\org.lamport.tlatools_1.0.0.202012311918\tla2sany\StandardModules\FiniteSets.tla
Semantic processing of module Naturals
Semantic processing of module Sequences
Semantic processing of module FiniteSets
Semantic processing of module TLC
Semantic processing of module Integers
Semantic processing of module PcdTla
Semantic processing of module MC
@!@!@STARTMSG 2219:0 @!@!@
SANY finished.
@!@!@ENDMSG 2219 @!@!@
@!@!@STARTMSG 2185:0 @!@!@
Starting... (2021-04-06 20:35:13)
@!@!@ENDMSG 2185 @!@!@
@!@!@STARTMSG 2212:0 @!@!@
Implied-temporal checking--satisfiability problem has 1 branches.
@!@!@ENDMSG 2212 @!@!@
@!@!@STARTMSG 2189:0 @!@!@
Computing initial states...
@!@!@ENDMSG 2189 @!@!@
@!@!@STARTMSG 2190:0 @!@!@
Finished computing initial states: 1 distinct state generated at 2021-04-06 20:35:14.
@!@!@ENDMSG 2190 @!@!@
"pdf1"
"pdf2"
"pdf1"
"pdf1"
"pdf1"
"pdf1"
"pdf1"
"pdf1"
"pdf2"
"pdf2"
"pdf2"
"pdf2"
"pdf1"
"pdf1"
"pdf2"
"pdf2"
"pdf3"
"pdf1"
"pdf2"
"pdf3"
"pdf3"
"pdf2"
"pdf2"
"pdf1"
"pdf2"
"pdf1"
"pdf2"
"pdf3"
"pdf3"
"pdf2"
"pdf2"
"pdf3"
"pdf1"
"pdf1"
"pdf3"
"pdf3"
"pdf3"
"pdf3"
"pdf3"
"pdf2"
"pdf2"
"pdf3"
"pdf4"
"pdf1"
"pdf3"
"pdf1"
"pdf4"
"pdf3"
"pdf4"
"pdf3"
"pdf4"
"pdf2"
"pdf1"
"pdf2"
"pdf4"
"pdf4"
"pdf3"
"pdf3"
"pdf4"
"pdf1"
"pdf3"
"pdf3"
"pdf4"
"pdf3"
"pdf4"
"pdf2"
"pdf1"
"pdf4"
"pdf2"
"pdf4"
"pdf4"
"pdf4"
"pdf3"
"pdf4"
"pdf4"
"pdf1"
"pdf3"
"pdf4"
"pdf4"
"pdf4"
"pdf2"
"pdf5"
"pdf1"
"pdf2"
"pdf4"
"pdf5"
"pdf5"
"pdf4"
"pdf5"
"pdf4"
"pdf3"
"pdf1"
"pdf3"
"pdf5"
"pdf5"
"pdf2"
"pdf5"
"pdf1"
"pdf4"
"pdf5"
"pdf2"
"pdf4"
"pdf5"
"pdf5"
"pdf4"
"pdf4"
"pdf3"
"pdf5"
"pdf5"
"pdf1"
"pdf3"
"pdf5"
"pdf2"
"pdf4"
"pdf5"
"pdf1"
"pdf5"
"pdf5"
"pdf4"
"pdf2"
"pdf4"
"pdf5"
"pdf5"
"pdf3"
"pdf5"
"pdf5"
"pdf3"
"pdf5"
"pdf2"
"pdf1"
"pdf5"
"pdf5"
"pdf6"
"pdf1"
"pdf6"
"pdf5"
"pdf5"
"pdf5"
"pdf6"
"pdf6"
"pdf4"
"pdf2"
"pdf4"
"pdf6"
"pdf6"
"pdf3"
"pdf6"
"pdf5"
"pdf3"
"pdf2"
"pdf6"
"pdf1"
"pdf1"
"pdf6"
"pdf6"
"pdf5"
"pdf5"
"pdf6"
"pdf5"
"pdf6"
"pdf4"
"pdf6"
"pdf2"
"pdf4"
"pdf6"
"pdf6"
"pdf3"
"pdf5"
"pdf2"
"pdf6"
"pdf6"
"pdf3"
"pdf1"
"pdf1"
"pdf5"
"pdf6"
"pdf6"
"pdf5"
"pdf6"
"pdf6"
"pdf6"
"pdf5"
"pdf6"
"pdf4"
"pdf6"
"pdf6"
"pdf6"
"pdf6"
"pdf6"
"pdf6"
"pdf4"
"pdf3"
"pdf2"
"pdf6"
"pdf6"
"pdf2"
"pdf6"
"pdf6"
"pdf6"
"pdf6"
"pdf3"
"pdf6"
"pdf1"
"pdf6"
"pdf6"
"pdf6"
"pdf6"
"pdf2"
"none"
"pdf6"
"pdf6"
"pdf1"
"pdf6"
"none"
"pdf6"
"pdf1"
"pdf6"
"pdf6"
"none"
"none"
"pdf6"
"pdf6"
"none"
"none"
@!@!@STARTMSG 2200:0 @!@!@
Progress(22) at 2021-04-06 20:35:14: 705 states generated, 388 distinct states found, 0 states left on queue.
@!@!@ENDMSG 2200 @!@!@
@!@!@STARTMSG 2192:0 @!@!@
Checking temporal properties for the complete state space with 388 total distinct states at (2021-04-06 20:35:14)
@!@!@ENDMSG 2192 @!@!@
@!@!@STARTMSG 2116:1 @!@!@
Temporal properties were violated.

@!@!@ENDMSG 2116 @!@!@
@!@!@STARTMSG 2264:1 @!@!@
The following behavior constitutes a counter-example:

@!@!@ENDMSG 2264 @!@!@
"pdf1"
"pdf1"
"pdf2"
"pdf3"
"pdf3"
"pdf4"
"pdf3"
"pdf3"
"pdf5"
"pdf5"
"pdf6"
@!@!@STARTMSG 2217:4 @!@!@
1: <Initial predicate>
/\ queuePdf = <<"pdf1", "pdf2", "pdf3", "pdf4", "pdf5", "pdf6">>
/\ pc = [worker1 |-> "Compute", worker2 |-> "Compute"]
/\ item = [worker1 |-> "none", worker2 |-> "none"]

@!@!@ENDMSG 2217 @!@!@
@!@!@STARTMSG 2217:4 @!@!@
2: <Compute line 40, col 18 to line 44, col 50 of module PcdTla>
/\ queuePdf = <<"pdf1", "pdf2", "pdf3", "pdf4", "pdf5", "pdf6">>
/\ pc = [worker1 |-> "take", worker2 |-> "Compute"]
/\ item = [worker1 |-> "none", worker2 |-> "none"]

@!@!@ENDMSG 2217 @!@!@
@!@!@STARTMSG 2217:4 @!@!@
3: <take line 46, col 15 to line 55, col 54 of module PcdTla>
/\ queuePdf = <<"pdf2", "pdf3", "pdf4", "pdf5", "pdf6">>
/\ pc = [worker1 |-> "compute", worker2 |-> "Compute"]
/\ item = [worker1 |-> "pdf1", worker2 |-> "none"]

@!@!@ENDMSG 2217 @!@!@
@!@!@STARTMSG 2217:4 @!@!@
4: <Compute line 40, col 18 to line 44, col 50 of module PcdTla>
/\ queuePdf = <<"pdf2", "pdf3", "pdf4", "pdf5", "pdf6">>
/\ pc = [worker1 |-> "compute", worker2 |-> "take"]
/\ item = [worker1 |-> "pdf1", worker2 |-> "none"]

@!@!@ENDMSG 2217 @!@!@
@!@!@STARTMSG 2217:4 @!@!@
5: <compute line 57, col 18 to line 60, col 50 of module PcdTla>
/\ queuePdf = <<"pdf2", "pdf3", "pdf4", "pdf5", "pdf6">>
/\ pc = [worker1 |-> "Compute", worker2 |-> "take"]
/\ item = [worker1 |-> "pdf1", worker2 |-> "none"]

@!@!@ENDMSG 2217 @!@!@
@!@!@STARTMSG 2217:4 @!@!@
6: <Compute line 40, col 18 to line 44, col 50 of module PcdTla>
/\ queuePdf = <<"pdf2", "pdf3", "pdf4", "pdf5", "pdf6">>
/\ pc = [worker1 |-> "take", worker2 |-> "take"]
/\ item = [worker1 |-> "pdf1", worker2 |-> "none"]

@!@!@ENDMSG 2217 @!@!@
@!@!@STARTMSG 2217:4 @!@!@
7: <take line 46, col 15 to line 55, col 54 of module PcdTla>
/\ queuePdf = <<"pdf3", "pdf4", "pdf5", "pdf6">>
/\ pc = [worker1 |-> "compute", worker2 |-> "take"]
/\ item = [worker1 |-> "pdf2", worker2 |-> "none"]

@!@!@ENDMSG 2217 @!@!@
@!@!@STARTMSG 2217:4 @!@!@
8: <compute line 57, col 18 to line 60, col 50 of module PcdTla>
/\ queuePdf = <<"pdf3", "pdf4", "pdf5", "pdf6">>
/\ pc = [worker1 |-> "Compute", worker2 |-> "take"]
/\ item = [worker1 |-> "pdf2", worker2 |-> "none"]

@!@!@ENDMSG 2217 @!@!@
@!@!@STARTMSG 2217:4 @!@!@
9: <Compute line 40, col 18 to line 44, col 50 of module PcdTla>
/\ queuePdf = <<"pdf3", "pdf4", "pdf5", "pdf6">>
/\ pc = [worker1 |-> "take", worker2 |-> "take"]
/\ item = [worker1 |-> "pdf2", worker2 |-> "none"]

@!@!@ENDMSG 2217 @!@!@
@!@!@STARTMSG 2217:4 @!@!@
10: <take line 46, col 15 to line 55, col 54 of module PcdTla>
/\ queuePdf = <<"pdf4", "pdf5", "pdf6">>
/\ pc = [worker1 |-> "compute", worker2 |-> "take"]
/\ item = [worker1 |-> "pdf3", worker2 |-> "none"]

@!@!@ENDMSG 2217 @!@!@
@!@!@STARTMSG 2217:4 @!@!@
11: <take line 46, col 15 to line 55, col 54 of module PcdTla>
/\ queuePdf = <<"pdf5", "pdf6">>
/\ pc = [worker1 |-> "compute", worker2 |-> "compute"]
/\ item = [worker1 |-> "pdf3", worker2 |-> "pdf4"]

@!@!@ENDMSG 2217 @!@!@
@!@!@STARTMSG 2217:4 @!@!@
12: <compute line 57, col 18 to line 60, col 50 of module PcdTla>
/\ queuePdf = <<"pdf5", "pdf6">>
/\ pc = [worker1 |-> "compute", worker2 |-> "Compute"]
/\ item = [worker1 |-> "pdf3", worker2 |-> "pdf4"]

@!@!@ENDMSG 2217 @!@!@
@!@!@STARTMSG 2217:4 @!@!@
13: <Compute line 40, col 18 to line 44, col 50 of module PcdTla>
/\ queuePdf = <<"pdf5", "pdf6">>
/\ pc = [worker1 |-> "compute", worker2 |-> "take"]
/\ item = [worker1 |-> "pdf3", worker2 |-> "pdf4"]

@!@!@ENDMSG 2217 @!@!@
@!@!@STARTMSG 2217:4 @!@!@
14: <compute line 57, col 18 to line 60, col 50 of module PcdTla>
/\ queuePdf = <<"pdf5", "pdf6">>
/\ pc = [worker1 |-> "Compute", worker2 |-> "take"]
/\ item = [worker1 |-> "pdf3", worker2 |-> "pdf4"]

@!@!@ENDMSG 2217 @!@!@
@!@!@STARTMSG 2217:4 @!@!@
15: <Compute line 40, col 18 to line 44, col 50 of module PcdTla>
/\ queuePdf = <<"pdf5", "pdf6">>
/\ pc = [worker1 |-> "take", worker2 |-> "take"]
/\ item = [worker1 |-> "pdf3", worker2 |-> "pdf4"]

@!@!@ENDMSG 2217 @!@!@
@!@!@STARTMSG 2217:4 @!@!@
16: <take line 46, col 15 to line 55, col 54 of module PcdTla>
/\ queuePdf = <<"pdf6">>
/\ pc = [worker1 |-> "compute", worker2 |-> "take"]
/\ item = [worker1 |-> "pdf5", worker2 |-> "pdf4"]

@!@!@ENDMSG 2217 @!@!@
@!@!@STARTMSG 2217:4 @!@!@
17: <take line 46, col 15 to line 55, col 54 of module PcdTla>
/\ queuePdf = <<>>
/\ pc = [worker1 |-> "compute", worker2 |-> "compute"]
/\ item = [worker1 |-> "pdf5", worker2 |-> "pdf6"]

@!@!@ENDMSG 2217 @!@!@
@!@!@STARTMSG 2217:4 @!@!@
18: <compute line 57, col 18 to line 60, col 50 of module PcdTla>
/\ queuePdf = <<>>
/\ pc = [worker1 |-> "Compute", worker2 |-> "compute"]
/\ item = [worker1 |-> "pdf5", worker2 |-> "pdf6"]

@!@!@ENDMSG 2217 @!@!@
@!@!@STARTMSG 2217:4 @!@!@
19: <compute line 57, col 18 to line 60, col 50 of module PcdTla>
/\ queuePdf = <<>>
/\ pc = [worker1 |-> "Compute", worker2 |-> "Compute"]
/\ item = [worker1 |-> "pdf5", worker2 |-> "pdf6"]

@!@!@ENDMSG 2217 @!@!@
@!@!@STARTMSG 2217:4 @!@!@
20: <Compute line 40, col 18 to line 44, col 50 of module PcdTla>
/\ queuePdf = <<>>
/\ pc = [worker1 |-> "Compute", worker2 |-> "Done"]
/\ item = [worker1 |-> "pdf5", worker2 |-> "pdf6"]

@!@!@ENDMSG 2217 @!@!@
@!@!@STARTMSG 2218:4 @!@!@
21: Stuttering
@!@!@ENDMSG 2218 @!@!@
@!@!@STARTMSG 2267:0 @!@!@
Finished checking temporal properties in 00s at 2021-04-06 20:35:14
@!@!@ENDMSG 2267 @!@!@
@!@!@STARTMSG 2201:0 @!@!@
The coverage statistics at 2021-04-06 20:35:14
@!@!@ENDMSG 2201 @!@!@
@!@!@STARTMSG 2773:0 @!@!@
<Init line 34, col 1 to line 34, col 4 of module PcdTla>: 2:2
@!@!@ENDMSG 2773 @!@!@
@!@!@STARTMSG 2221:0 @!@!@
  line 35, col 9 to line 38, col 48 of module PcdTla: 2
@!@!@ENDMSG 2221 @!@!@
@!@!@STARTMSG 2772:0 @!@!@
<Compute line 40, col 1 to line 40, col 13 of module PcdTla>: 163:269
@!@!@ENDMSG 2772 @!@!@
@!@!@STARTMSG 2221:0 @!@!@
  line 40, col 21 to line 40, col 40 of module PcdTla: 1075
@!@!@ENDMSG 2221 @!@!@
@!@!@STARTMSG 2221:0 @!@!@
  |line 40, col 21 to line 40, col 28 of module PcdTla: 806
@!@!@ENDMSG 2221 @!@!@
@!@!@STARTMSG 2221:0 @!@!@
  line 41, col 24 to line 41, col 40 of module PcdTla: 269
@!@!@ENDMSG 2221 @!@!@
@!@!@STARTMSG 2221:0 @!@!@
  line 42, col 29 to line 42, col 65 of module PcdTla: 182
@!@!@ENDMSG 2221 @!@!@
@!@!@STARTMSG 2221:0 @!@!@
  line 43, col 29 to line 43, col 65 of module PcdTla: 87
@!@!@ENDMSG 2221 @!@!@
@!@!@STARTMSG 2221:0 @!@!@
  line 44, col 21 to line 44, col 50 of module PcdTla: 269
@!@!@ENDMSG 2221 @!@!@
@!@!@STARTMSG 2772:0 @!@!@
<take line 46, col 1 to line 46, col 10 of module PcdTla>: 98:218
@!@!@ENDMSG 2772 @!@!@
@!@!@STARTMSG 2221:0 @!@!@
  line 46, col 18 to line 46, col 34 of module PcdTla: 1017
@!@!@ENDMSG 2221 @!@!@
@!@!@STARTMSG 2221:0 @!@!@
  |line 46, col 18 to line 46, col 25 of module PcdTla: 799
@!@!@ENDMSG 2221 @!@!@
@!@!@STARTMSG 2221:0 @!@!@
  line 47, col 22 to line 47, col 38 of module PcdTla: 218
@!@!@ENDMSG 2221 @!@!@
@!@!@STARTMSG 2221:0 @!@!@
  line 48, col 26 to line 49, col 54 of module PcdTla: 123
@!@!@ENDMSG 2221 @!@!@
@!@!@STARTMSG 2221:0 @!@!@
  line 50, col 33 to line 50, col 49 of module PcdTla: 95
@!@!@ENDMSG 2221 @!@!@
@!@!@STARTMSG 2221:0 @!@!@
  line 51, col 37 to line 52, col 55 of module PcdTla: 59
@!@!@ENDMSG 2221 @!@!@
@!@!@STARTMSG 2221:0 @!@!@
  line 53, col 40 to line 53, col 43 of module PcdTla: 36
@!@!@ENDMSG 2221 @!@!@
@!@!@STARTMSG 2221:0 @!@!@
  line 54, col 40 to line 54, col 69 of module PcdTla: 36
@!@!@ENDMSG 2221 @!@!@
@!@!@STARTMSG 2221:0 @!@!@
  line 55, col 18 to line 55, col 54 of module PcdTla: 218
@!@!@ENDMSG 2221 @!@!@
@!@!@STARTMSG 2772:0 @!@!@
<compute line 57, col 1 to line 57, col 13 of module PcdTla>: 126:235
@!@!@ENDMSG 2772 @!@!@
@!@!@STARTMSG 2221:0 @!@!@
  line 57, col 21 to line 57, col 40 of module PcdTla: 1028
@!@!@ENDMSG 2221 @!@!@
@!@!@STARTMSG 2221:0 @!@!@
  |line 57, col 21 to line 57, col 28 of module PcdTla: 793
@!@!@ENDMSG 2221 @!@!@
@!@!@STARTMSG 2221:0 @!@!@
  line 58, col 21 to line 58, col 38 of module PcdTla: 235
@!@!@ENDMSG 2221 @!@!@
@!@!@STARTMSG 2221:0 @!@!@
  line 59, col 21 to line 59, col 57 of module PcdTla: 235
@!@!@ENDMSG 2221 @!@!@
@!@!@STARTMSG 2221:0 @!@!@
  line 60, col 21 to line 60, col 50 of module PcdTla: 235
@!@!@ENDMSG 2221 @!@!@
@!@!@STARTMSG 2772:0 @!@!@
<Terminating line 65, col 1 to line 65, col 11 of module PcdTla>: 0:12
@!@!@ENDMSG 2772 @!@!@
@!@!@STARTMSG 2221:0 @!@!@
  line 65, col 40 to line 65, col 56 of module PcdTla: 456
@!@!@ENDMSG 2221 @!@!@
@!@!@STARTMSG 2221:0 @!@!@
  |line 65, col 40 to line 65, col 47 of module PcdTla: 432
@!@!@ENDMSG 2221 @!@!@
@!@!@STARTMSG 2221:0 @!@!@
  line 65, col 31 to line 65, col 37 of module PcdTla: 390
@!@!@ENDMSG 2221 @!@!@
@!@!@STARTMSG 2221:0 @!@!@
  line 66, col 19 to line 66, col 32 of module PcdTla: 12
@!@!@ENDMSG 2221 @!@!@
@!@!@STARTMSG 2202:0 @!@!@
End of statistics.
@!@!@ENDMSG 2202 @!@!@
@!@!@STARTMSG 2200:0 @!@!@
Progress(22) at 2021-04-06 20:35:14: 705 states generated (39.058 s/min), 388 distinct states found (21.495 ds/min), 0 states left on queue.
@!@!@ENDMSG 2200 @!@!@
@!@!@STARTMSG 2199:0 @!@!@
705 states generated, 388 distinct states found, 0 states left on queue.
@!@!@ENDMSG 2199 @!@!@
@!@!@STARTMSG 2186:0 @!@!@
Finished in 1090ms at (2021-04-06 20:35:14)
@!@!@ENDMSG 2186 @!@!@
